{"C:\\xampp\\htdocs\\quasar-project\\src\\boot\\axios.ts": {"path":"C:\\xampp\\htdocs\\quasar-project\\src\\boot\\axios.ts","statementMap":{"0":{"start":{"line":1,"column":0},"end":{"line":1,"column":39}},"1":{"start":{"line":2,"column":0},"end":{"line":2,"column":45}},"2":{"start":{"line":16,"column":12},"end":{"line":16,"column":64}},"3":{"start":{"line":30,"column":9},"end":{"line":30,"column":12}},"4":{"start":{"line":18,"column":0},"end":{"line":28,"column":3}},"5":{"start":{"line":21,"column":2},"end":{"line":21,"column":45}},"6":{"start":{"line":25,"column":2},"end":{"line":25,"column":41}}},"fnMap":{"0":{"name":"(anonymous_1)","decl":{"start":{"line":18,"column":20},"end":{"line":18,"column":21}},"loc":{"start":{"line":18,"column":32},"end":{"line":28,"column":1}}}},"branchMap":{},"s":{"0":1,"1":1,"2":1,"3":1,"4":1,"5":0,"6":0},"f":{"0":0},"b":{}}
,"C:/xampp/htdocs/quasar-project/src/components/QInputWithValidation.vue": {"path":"C:/xampp/htdocs/quasar-project/src/components/QInputWithValidation.vue","statementMap":{"0":{"start":{"line":31,"column":0},"end":{"line":31,"column":null}},"1":{"start":{"line":61,"column":0},"end":{"line":61,"column":null}},"2":{"start":{"line":62,"column":32},"end":{"line":62,"column":49}},"3":{"start":{"line":62,"column":20},"end":{"line":62,"column":22}},"4":{"start":{"line":62,"column":27},"end":{"line":62,"column":32}}},"fnMap":{},"branchMap":{},"s":{"0":2,"1":5,"2":5,"3":5,"4":5},"f":{},"b":{}}
,"C:/xampp/htdocs/quasar-project/src/components/RegisterUser.vue": {"path":"C:/xampp/htdocs/quasar-project/src/components/RegisterUser.vue","statementMap":{"0":{"start":{"line":76,"column":0},"end":{"line":76,"column":null}},"1":{"start":{"line":79,"column":17},"end":{"line":79,"column":21}},"2":{"start":{"line":80,"column":14},"end":{"line":80,"column":18}},"3":{"start":{"line":81,"column":17},"end":{"line":81,"column":21}},"4":{"start":{"line":82,"column":14},"end":{"line":82,"column":23}},"5":{"start":{"line":87,"column":21},"end":{"line":87,"column":25}},"6":{"start":{"line":88,"column":20},"end":{"line":88,"column":24}},"7":{"start":{"line":90,"column":28},"end":{"line":96,"column":null}},"8":{"start":{"line":91,"column":2},"end":{"line":95,"column":null}},"9":{"start":{"line":92,"column":4},"end":{"line":92,"column":18}},"10":{"start":{"line":94,"column":4},"end":{"line":94,"column":18}},"11":{"start":{"line":116,"column":17},"end":{"line":128,"column":null}},"12":{"start":{"line":117,"column":2},"end":{"line":117,"column":null}},"13":{"start":{"line":120,"column":3},"end":{"line":null,"column":-1}},"14":{"start":{"line":121,"column":2},"end":{"line":121,"column":7}},"15":{"start":{"line":123,"column":2},"end":{"line":123,"column":7}}},"fnMap":{"0":{"name":"(anonymous_1)","decl":{"start":{"line":90,"column":28},"end":{"line":90,"column":29}},"loc":{"start":{"line":90,"column":44},"end":{"line":96,"column":null}}},"1":{"name":"(anonymous_2)","decl":{"start":{"line":116,"column":17},"end":{"line":116,"column":null}},"loc":{"start":{"line":116,"column":17},"end":{"line":128,"column":null}}}},"branchMap":{"0":{"loc":{"start":{"line":91,"column":2},"end":{"line":95,"column":null}},"type":"if","locations":[{"start":{"line":91,"column":2},"end":{"line":95,"column":null}},{"start":{"line":93,"column":9},"end":{"line":95,"column":null}}]}},"s":{"0":1,"1":11,"2":11,"3":11,"4":11,"5":11,"6":11,"7":11,"8":0,"9":0,"10":0,"11":11,"12":1,"13":1,"14":1,"15":1},"f":{"0":0,"1":1},"b":{"0":[0,0]}}
,"C:\\xampp\\htdocs\\quasar-project\\src\\components\\SignUp.vue": {"path":"C:\\xampp\\htdocs\\quasar-project\\src\\components\\SignUp.vue","statementMap":{"0":{"start":{"line":92,"column":0},"end":{"line":92,"column":null}},"1":{"start":{"line":93,"column":0},"end":{"line":93,"column":null}},"2":{"start":{"line":94,"column":0},"end":{"line":94,"column":null}},"3":{"start":{"line":99,"column":0},"end":{"line":99,"column":null}},"4":{"start":{"line":101,"column":0},"end":{"line":101,"column":15}},"5":{"start":{"line":109,"column":17},"end":{"line":109,"column":21}},"6":{"start":{"line":110,"column":18},"end":{"line":110,"column":22}},"7":{"start":{"line":111,"column":24},"end":{"line":111,"column":28}},"8":{"start":{"line":112,"column":16},"end":{"line":112,"column":20}},"9":{"start":{"line":113,"column":19},"end":{"line":113,"column":23}},"10":{"start":{"line":114,"column":19},"end":{"line":114,"column":null}},"11":{"start":{"line":115,"column":18},"end":{"line":115,"column":null}},"12":{"start":{"line":125,"column":4},"end":{"line":125,"column":11}},"13":{"start":{"line":133,"column":8},"end":{"line":133,"column":null}},"14":{"start":{"line":134,"column":8},"end":{"line":152,"column":null}},"15":{"start":{"line":138,"column":10},"end":{"line":138,"column":15}},"16":{"start":{"line":141,"column":10},"end":{"line":141,"column":15}},"17":{"start":{"line":143,"column":14},"end":{"line":143,"column":20}},"18":{"start":{"line":145,"column":14},"end":{"line":145,"column":19}},"19":{"start":{"line":148,"column":14},"end":{"line":148,"column":21}},"20":{"start":{"line":149,"column":14},"end":{"line":149,"column":20}}},"fnMap":{"0":{"name":"(anonymous_1)","decl":{"start":{"line":108,"column":7},"end":{"line":108,"column":null}},"loc":{"start":{"line":108,"column":7},"end":{"line":155,"column":null}}},"1":{"name":"(anonymous_2)","decl":{"start":{"line":132,"column":14},"end":{"line":132,"column":null}},"loc":{"start":{"line":132,"column":14},"end":{"line":153,"column":null}}},"2":{"name":"(anonymous_3)","decl":{"start":{"line":142,"column":12},"end":{"line":142,"column":null}},"loc":{"start":{"line":142,"column":12},"end":{"line":146,"column":null}}},"3":{"name":"(anonymous_4)","decl":{"start":{"line":147,"column":12},"end":{"line":147,"column":13}},"loc":{"start":{"line":147,"column":18},"end":{"line":150,"column":null}}}},"branchMap":{"0":{"loc":{"start":{"line":134,"column":8},"end":{"line":152,"column":null}},"type":"if","locations":[{"start":{"line":134,"column":8},"end":{"line":152,"column":null}},{"start":{"line":136,"column":15},"end":{"line":152,"column":null}}]}},"s":{"0":1,"1":1,"2":1,"3":1,"4":1,"5":1,"6":1,"7":1,"8":1,"9":1,"10":1,"11":1,"12":1,"13":0,"14":0,"15":0,"16":0,"17":0,"18":0,"19":0,"20":0},"f":{"0":1,"1":0,"2":0,"3":0},"b":{"0":[0,0]}}
,"C:\\xampp\\htdocs\\quasar-project\\src\\store\\index.ts": {"path":"C:\\xampp\\htdocs\\quasar-project\\src\\store\\index.ts","statementMap":{"0":{"start":{"line":1,"column":0},"end":{"line":1,"column":40}},"1":{"start":{"line":3,"column":0},"end":{"line":3,"column":null}},"2":{"start":{"line":8,"column":0},"end":{"line":8,"column":26}},"3":{"start":{"line":39,"column":13},"end":{"line":39,"column":80}},"4":{"start":{"line":47,"column":0},"end":{"line":60,"column":3}},"5":{"start":{"line":48,"column":16},"end":{"line":57,"column":4}},"6":{"start":{"line":59,"column":2},"end":{"line":59,"column":15}},"7":{"start":{"line":63,"column":2},"end":{"line":63,"column":32}},"8":{"start":{"line":62,"column":0},"end":{"line":62,"column":16}}},"fnMap":{"0":{"name":"(anonymous_1)","decl":{"start":{"line":47,"column":21},"end":{"line":47,"column":31}},"loc":{"start":{"line":47,"column":51},"end":{"line":60,"column":1}}},"1":{"name":"useStore","decl":{"start":{"line":62,"column":16},"end":{"line":62,"column":24}},"loc":{"start":{"line":62,"column":24},"end":{"line":64,"column":1}}}},"branchMap":{},"s":{"0":1,"1":1,"2":1,"3":1,"4":1,"5":0,"6":0,"7":1,"8":1},"f":{"0":0,"1":1},"b":{}}
,"C:\\xampp\\htdocs\\quasar-project\\src\\store\\auth\\action-types.ts": {"path":"C:\\xampp\\htdocs\\quasar-project\\src\\store\\auth\\action-types.ts","statementMap":{"0":{"start":{"line":2,"column":0},"end":{"line":2,"column":null}},"1":{"start":{"line":3,"column":2},"end":{"line":3,"column":null}},"2":{"start":{"line":4,"column":2},"end":{"line":4,"column":null}},"3":{"start":{"line":5,"column":2},"end":{"line":5,"column":null}},"4":{"start":{"line":6,"column":2},"end":{"line":6,"column":null}},"5":{"start":{"line":7,"column":2},"end":{"line":7,"column":null}},"6":{"start":{"line":8,"column":2},"end":{"line":8,"column":null}},"7":{"start":{"line":9,"column":2},"end":{"line":9,"column":null}},"8":{"start":{"line":10,"column":2},"end":{"line":10,"column":null}},"9":{"start":{"line":11,"column":2},"end":{"line":11,"column":null}}},"fnMap":{"0":{"name":"(anonymous_0)","decl":{"start":{"line":2,"column":0},"end":{"line":2,"column":12}},"loc":{"start":{"line":2,"column":23},"end":{"line":12,"column":1}}}},"branchMap":{"0":{"loc":{"start":{"line":2,"column":12},"end":{"line":2,"column":null}},"type":"binary-expr","locations":[{"start":{"line":2,"column":12},"end":{"line":2,"column":23}},{"start":{"line":2,"column":12},"end":{"line":2,"column":null}}]}},"s":{"0":1,"1":1,"2":1,"3":1,"4":1,"5":1,"6":1,"7":1,"8":1,"9":1},"f":{"0":1},"b":{"0":[1,1]}}
,"C:\\xampp\\htdocs\\quasar-project\\src\\store\\auth\\actions.ts": {"path":"C:\\xampp\\htdocs\\quasar-project\\src\\store\\auth\\actions.ts","statementMap":{"0":{"start":{"line":2,"column":0},"end":{"line":2,"column":37}},"1":{"start":{"line":6,"column":0},"end":{"line":6,"column":45}},"2":{"start":{"line":68,"column":57},"end":{"line":205,"column":2}},"3":{"start":{"line":70,"column":4},"end":{"line":79,"column":7}},"4":{"start":{"line":71,"column":6},"end":{"line":78,"column":11}},"5":{"start":{"line":74,"column":10},"end":{"line":74,"column":33}},"6":{"start":{"line":77,"column":10},"end":{"line":77,"column":33}},"7":{"start":{"line":85,"column":4},"end":{"line":88,"column":7}},"8":{"start":{"line":87,"column":6},"end":{"line":87,"column":25}},"9":{"start":{"line":94,"column":4},"end":{"line":103,"column":7}},"10":{"start":{"line":95,"column":6},"end":{"line":102,"column":11}},"11":{"start":{"line":98,"column":10},"end":{"line":98,"column":33}},"12":{"start":{"line":101,"column":10},"end":{"line":101,"column":33}},"13":{"start":{"line":109,"column":4},"end":{"line":120,"column":7}},"14":{"start":{"line":110,"column":6},"end":{"line":119,"column":11}},"15":{"start":{"line":114,"column":12},"end":{"line":114,"column":35}},"16":{"start":{"line":118,"column":10},"end":{"line":118,"column":33}},"17":{"start":{"line":129,"column":4},"end":{"line":141,"column":7}},"18":{"start":{"line":130,"column":6},"end":{"line":140,"column":11}},"19":{"start":{"line":136,"column":10},"end":{"line":136,"column":33}},"20":{"start":{"line":139,"column":10},"end":{"line":139,"column":33}},"21":{"start":{"line":147,"column":4},"end":{"line":158,"column":7}},"22":{"start":{"line":148,"column":6},"end":{"line":157,"column":11}},"23":{"start":{"line":152,"column":12},"end":{"line":152,"column":35}},"24":{"start":{"line":156,"column":10},"end":{"line":156,"column":33}},"25":{"start":{"line":164,"column":4},"end":{"line":177,"column":7}},"26":{"start":{"line":165,"column":6},"end":{"line":176,"column":11}},"27":{"start":{"line":171,"column":12},"end":{"line":171,"column":35}},"28":{"start":{"line":175,"column":10},"end":{"line":175,"column":33}},"29":{"start":{"line":180,"column":4},"end":{"line":189,"column":7}},"30":{"start":{"line":181,"column":6},"end":{"line":188,"column":11}},"31":{"start":{"line":184,"column":10},"end":{"line":184,"column":33}},"32":{"start":{"line":187,"column":10},"end":{"line":187,"column":33}},"33":{"start":{"line":194,"column":4},"end":{"line":203,"column":7}},"34":{"start":{"line":195,"column":6},"end":{"line":202,"column":11}},"35":{"start":{"line":198,"column":10},"end":{"line":198,"column":33}},"36":{"start":{"line":201,"column":10},"end":{"line":201,"column":33}},"37":{"start":{"line":206,"column":0},"end":{"line":206,"column":23}}},"fnMap":{"0":{"name":"(anonymous_0)","decl":{"start":{"line":69,"column":2},"end":{"line":69,"column":3}},"loc":{"start":{"line":69,"column":44},"end":{"line":80,"column":3}}},"1":{"name":"(anonymous_1)","decl":{"start":{"line":70,"column":23},"end":{"line":70,"column":24}},"loc":{"start":{"line":70,"column":43},"end":{"line":79,"column":5}}},"2":{"name":"(anonymous_2)","decl":{"start":{"line":73,"column":14},"end":{"line":73,"column":15}},"loc":{"start":{"line":73,"column":65},"end":{"line":75,"column":9}}},"3":{"name":"(anonymous_3)","decl":{"start":{"line":76,"column":15},"end":{"line":76,"column":16}},"loc":{"start":{"line":76,"column":25},"end":{"line":78,"column":9}}},"4":{"name":"(anonymous_4)","decl":{"start":{"line":81,"column":2},"end":{"line":81,"column":3}},"loc":{"start":{"line":83,"column":75},"end":{"line":89,"column":3}}},"5":{"name":"(anonymous_5)","decl":{"start":{"line":85,"column":23},"end":{"line":85,"column":27}},"loc":{"start":{"line":85,"column":29},"end":{"line":88,"column":5}}},"6":{"name":"(anonymous_6)","decl":{"start":{"line":90,"column":2},"end":{"line":90,"column":3}},"loc":{"start":{"line":92,"column":35},"end":{"line":104,"column":3}}},"7":{"name":"(anonymous_7)","decl":{"start":{"line":94,"column":23},"end":{"line":94,"column":24}},"loc":{"start":{"line":94,"column":43},"end":{"line":103,"column":5}}},"8":{"name":"(anonymous_8)","decl":{"start":{"line":97,"column":14},"end":{"line":97,"column":15}},"loc":{"start":{"line":97,"column":75},"end":{"line":99,"column":9}}},"9":{"name":"(anonymous_9)","decl":{"start":{"line":100,"column":15},"end":{"line":100,"column":16}},"loc":{"start":{"line":100,"column":25},"end":{"line":102,"column":9}}},"10":{"name":"(anonymous_10)","decl":{"start":{"line":105,"column":2},"end":{"line":105,"column":3}},"loc":{"start":{"line":107,"column":17},"end":{"line":121,"column":3}}},"11":{"name":"(anonymous_11)","decl":{"start":{"line":109,"column":23},"end":{"line":109,"column":24}},"loc":{"start":{"line":109,"column":43},"end":{"line":120,"column":5}}},"12":{"name":"(anonymous_12)","decl":{"start":{"line":113,"column":10},"end":{"line":113,"column":11}},"loc":{"start":{"line":113,"column":76},"end":{"line":115,"column":11}}},"13":{"name":"(anonymous_13)","decl":{"start":{"line":117,"column":15},"end":{"line":117,"column":16}},"loc":{"start":{"line":117,"column":25},"end":{"line":119,"column":9}}},"14":{"name":"(anonymous_14)","decl":{"start":{"line":122,"column":2},"end":{"line":122,"column":3}},"loc":{"start":{"line":127,"column":5},"end":{"line":142,"column":3}}},"15":{"name":"(anonymous_15)","decl":{"start":{"line":129,"column":23},"end":{"line":129,"column":24}},"loc":{"start":{"line":129,"column":43},"end":{"line":141,"column":5}}},"16":{"name":"(anonymous_16)","decl":{"start":{"line":135,"column":14},"end":{"line":135,"column":15}},"loc":{"start":{"line":135,"column":75},"end":{"line":137,"column":9}}},"17":{"name":"(anonymous_17)","decl":{"start":{"line":138,"column":15},"end":{"line":138,"column":16}},"loc":{"start":{"line":138,"column":25},"end":{"line":140,"column":9}}},"18":{"name":"(anonymous_18)","decl":{"start":{"line":143,"column":2},"end":{"line":143,"column":3}},"loc":{"start":{"line":145,"column":30},"end":{"line":159,"column":3}}},"19":{"name":"(anonymous_19)","decl":{"start":{"line":147,"column":23},"end":{"line":147,"column":24}},"loc":{"start":{"line":147,"column":43},"end":{"line":158,"column":5}}},"20":{"name":"(anonymous_20)","decl":{"start":{"line":151,"column":10},"end":{"line":151,"column":11}},"loc":{"start":{"line":151,"column":78},"end":{"line":153,"column":11}}},"21":{"name":"(anonymous_21)","decl":{"start":{"line":155,"column":15},"end":{"line":155,"column":16}},"loc":{"start":{"line":155,"column":25},"end":{"line":157,"column":9}}},"22":{"name":"(anonymous_22)","decl":{"start":{"line":160,"column":2},"end":{"line":160,"column":3}},"loc":{"start":{"line":162,"column":22},"end":{"line":178,"column":3}}},"23":{"name":"(anonymous_23)","decl":{"start":{"line":164,"column":23},"end":{"line":164,"column":24}},"loc":{"start":{"line":164,"column":43},"end":{"line":177,"column":5}}},"24":{"name":"(anonymous_24)","decl":{"start":{"line":170,"column":10},"end":{"line":170,"column":11}},"loc":{"start":{"line":170,"column":78},"end":{"line":172,"column":11}}},"25":{"name":"(anonymous_25)","decl":{"start":{"line":174,"column":15},"end":{"line":174,"column":16}},"loc":{"start":{"line":174,"column":25},"end":{"line":176,"column":9}}},"26":{"name":"(anonymous_26)","decl":{"start":{"line":179,"column":2},"end":{"line":179,"column":3}},"loc":{"start":{"line":179,"column":22},"end":{"line":190,"column":3}}},"27":{"name":"(anonymous_27)","decl":{"start":{"line":180,"column":23},"end":{"line":180,"column":24}},"loc":{"start":{"line":180,"column":43},"end":{"line":189,"column":5}}},"28":{"name":"(anonymous_28)","decl":{"start":{"line":183,"column":14},"end":{"line":183,"column":15}},"loc":{"start":{"line":183,"column":75},"end":{"line":185,"column":9}}},"29":{"name":"(anonymous_29)","decl":{"start":{"line":186,"column":15},"end":{"line":186,"column":16}},"loc":{"start":{"line":186,"column":25},"end":{"line":188,"column":9}}},"30":{"name":"(anonymous_30)","decl":{"start":{"line":191,"column":2},"end":{"line":191,"column":3}},"loc":{"start":{"line":191,"column":38},"end":{"line":204,"column":3}}},"31":{"name":"(anonymous_31)","decl":{"start":{"line":194,"column":23},"end":{"line":194,"column":24}},"loc":{"start":{"line":194,"column":43},"end":{"line":203,"column":5}}},"32":{"name":"(anonymous_32)","decl":{"start":{"line":197,"column":14},"end":{"line":197,"column":15}},"loc":{"start":{"line":197,"column":78},"end":{"line":199,"column":9}}},"33":{"name":"(anonymous_33)","decl":{"start":{"line":200,"column":15},"end":{"line":200,"column":16}},"loc":{"start":{"line":200,"column":25},"end":{"line":202,"column":9}}}},"branchMap":{},"s":{"0":1,"1":1,"2":1,"3":0,"4":0,"5":0,"6":0,"7":0,"8":0,"9":0,"10":0,"11":0,"12":0,"13":0,"14":0,"15":0,"16":0,"17":0,"18":0,"19":0,"20":0,"21":0,"22":0,"23":0,"24":0,"25":0,"26":0,"27":0,"28":0,"29":0,"30":0,"31":0,"32":0,"33":0,"34":0,"35":0,"36":0,"37":1},"f":{"0":0,"1":0,"2":0,"3":0,"4":0,"5":0,"6":0,"7":0,"8":0,"9":0,"10":0,"11":0,"12":0,"13":0,"14":0,"15":0,"16":0,"17":0,"18":0,"19":0,"20":0,"21":0,"22":0,"23":0,"24":0,"25":0,"26":0,"27":0,"28":0,"29":0,"30":0,"31":0,"32":0,"33":0},"b":{}}
,"C:\\xampp\\htdocs\\quasar-project\\src\\store\\auth\\getters.ts": {"path":"C:\\xampp\\htdocs\\quasar-project\\src\\store\\auth\\getters.ts","statementMap":{"0":{"start":{"line":5,"column":47},"end":{"line":5,"column":49}},"1":{"start":{"line":7,"column":0},"end":{"line":7,"column":23}}},"fnMap":{},"branchMap":{},"s":{"0":1,"1":1},"f":{},"b":{}}
,"C:\\xampp\\htdocs\\quasar-project\\src\\store\\auth\\index.ts": {"path":"C:\\xampp\\htdocs\\quasar-project\\src\\store\\auth\\index.ts","statementMap":{"0":{"start":{"line":3,"column":0},"end":{"line":3,"column":32}},"1":{"start":{"line":4,"column":0},"end":{"line":4,"column":32}},"2":{"start":{"line":5,"column":0},"end":{"line":5,"column":32}},"3":{"start":{"line":6,"column":0},"end":{"line":6,"column":36}},"4":{"start":{"line":9,"column":40},"end":{"line":15,"column":2}},"5":{"start":{"line":17,"column":0},"end":{"line":17,"column":20}}},"fnMap":{},"branchMap":{},"s":{"0":1,"1":1,"2":1,"3":1,"4":1,"5":1},"f":{},"b":{}}
,"C:\\xampp\\htdocs\\quasar-project\\src\\store\\auth\\mutation-types.ts": {"path":"C:\\xampp\\htdocs\\quasar-project\\src\\store\\auth\\mutation-types.ts","statementMap":{"0":{"start":{"line":2,"column":0},"end":{"line":2,"column":null}},"1":{"start":{"line":3,"column":2},"end":{"line":3,"column":null}},"2":{"start":{"line":4,"column":2},"end":{"line":4,"column":null}},"3":{"start":{"line":5,"column":2},"end":{"line":5,"column":null}},"4":{"start":{"line":6,"column":2},"end":{"line":6,"column":null}},"5":{"start":{"line":7,"column":2},"end":{"line":7,"column":null}},"6":{"start":{"line":8,"column":2},"end":{"line":8,"column":null}},"7":{"start":{"line":9,"column":2},"end":{"line":9,"column":null}},"8":{"start":{"line":10,"column":2},"end":{"line":10,"column":null}}},"fnMap":{"0":{"name":"(anonymous_0)","decl":{"start":{"line":2,"column":0},"end":{"line":2,"column":12}},"loc":{"start":{"line":2,"column":25},"end":{"line":11,"column":1}}}},"branchMap":{"0":{"loc":{"start":{"line":2,"column":12},"end":{"line":2,"column":null}},"type":"binary-expr","locations":[{"start":{"line":2,"column":12},"end":{"line":2,"column":25}},{"start":{"line":2,"column":12},"end":{"line":2,"column":null}}]}},"s":{"0":1,"1":1,"2":1,"3":1,"4":1,"5":1,"6":1,"7":1,"8":1},"f":{"0":1},"b":{"0":[1,1]}}
,"C:\\xampp\\htdocs\\quasar-project\\src\\store\\auth\\mutations.ts": {"path":"C:\\xampp\\htdocs\\quasar-project\\src\\store\\auth\\mutations.ts","statementMap":{"0":{"start":{"line":3,"column":0},"end":{"line":3,"column":49}},"1":{"start":{"line":13,"column":51},"end":{"line":21,"column":2}},"2":{"start":{"line":18,"column":4},"end":{"line":18,"column":13}},"3":{"start":{"line":19,"column":4},"end":{"line":19,"column":36}},"4":{"start":{"line":23,"column":0},"end":{"line":23,"column":25}}},"fnMap":{"0":{"name":"(anonymous_0)","decl":{"start":{"line":14,"column":2},"end":{"line":14,"column":3}},"loc":{"start":{"line":16,"column":37},"end":{"line":20,"column":3}}}},"branchMap":{},"s":{"0":1,"1":1,"2":0,"3":0,"4":1},"f":{"0":0},"b":{}}
,"C:\\xampp\\htdocs\\quasar-project\\src\\store\\auth\\state.ts": {"path":"C:\\xampp\\htdocs\\quasar-project\\src\\store\\auth\\state.ts","statementMap":{"0":{"start":{"line":3,"column":13},"end":{"line":140,"column":2}}},"fnMap":{},"branchMap":{},"s":{"0":1},"f":{},"b":{}}
}
