TN:
SF:src\boot\axios.ts
FN:18,(anonymous_1)
FNF:1
FNH:0
FNDA:0,(anonymous_1)
DA:1,1
DA:2,1
DA:16,1
DA:18,1
DA:21,0
DA:25,0
DA:30,1
LF:7
LH:5
BRF:0
BRH:0
end_of_record
TN:
SF:src\components\QInputWithValidation.vue
FNF:0
FNH:0
DA:31,2
DA:61,5
DA:62,5
LF:3
LH:3
BRF:0
BRH:0
end_of_record
TN:
SF:src\components\RegisterUser.vue
FN:90,(anonymous_1)
FN:116,(anonymous_2)
FNF:2
FNH:1
FNDA:0,(anonymous_1)
FNDA:1,(anonymous_2)
DA:76,1
DA:79,11
DA:80,11
DA:81,11
DA:82,11
DA:87,11
DA:88,11
DA:90,11
DA:91,0
DA:92,0
DA:94,0
DA:116,11
DA:117,1
DA:120,1
DA:121,1
DA:123,1
LF:16
LH:13
BRDA:91,0,0,0
BRDA:91,0,1,0
BRF:2
BRH:0
end_of_record
TN:
SF:src\components\SignUp.vue
FN:108,(anonymous_1)
FN:132,(anonymous_2)
FN:142,(anonymous_3)
FN:147,(anonymous_4)
FNF:4
FNH:1
FNDA:1,(anonymous_1)
FNDA:0,(anonymous_2)
FNDA:0,(anonymous_3)
FNDA:0,(anonymous_4)
DA:92,1
DA:93,1
DA:94,1
DA:99,1
DA:101,1
DA:109,1
DA:110,1
DA:111,1
DA:112,1
DA:113,1
DA:114,1
DA:115,1
DA:125,1
DA:133,0
DA:134,0
DA:138,0
DA:141,0
DA:143,0
DA:145,0
DA:148,0
DA:149,0
LF:21
LH:13
BRDA:134,0,0,0
BRDA:134,0,1,0
BRF:2
BRH:0
end_of_record
TN:
SF:src\store\index.ts
FN:47,(anonymous_1)
FN:62,useStore
FNF:2
FNH:1
FNDA:0,(anonymous_1)
FNDA:1,useStore
DA:1,1
DA:3,1
DA:8,1
DA:39,1
DA:47,1
DA:48,0
DA:59,0
DA:62,1
DA:63,1
LF:9
LH:7
BRF:0
BRH:0
end_of_record
TN:
SF:src\store\auth\action-types.ts
FN:2,(anonymous_0)
FNF:1
FNH:1
FNDA:1,(anonymous_0)
DA:2,1
DA:3,1
DA:4,1
DA:5,1
DA:6,1
DA:7,1
DA:8,1
DA:9,1
DA:10,1
DA:11,1
LF:10
LH:10
BRDA:2,0,0,1
BRDA:2,0,1,1
BRF:2
BRH:2
end_of_record
TN:
SF:src\store\auth\actions.ts
FN:69,(anonymous_0)
FN:70,(anonymous_1)
FN:73,(anonymous_2)
FN:76,(anonymous_3)
FN:81,(anonymous_4)
FN:85,(anonymous_5)
FN:90,(anonymous_6)
FN:94,(anonymous_7)
FN:97,(anonymous_8)
FN:100,(anonymous_9)
FN:105,(anonymous_10)
FN:109,(anonymous_11)
FN:113,(anonymous_12)
FN:117,(anonymous_13)
FN:122,(anonymous_14)
FN:129,(anonymous_15)
FN:135,(anonymous_16)
FN:138,(anonymous_17)
FN:143,(anonymous_18)
FN:147,(anonymous_19)
FN:151,(anonymous_20)
FN:155,(anonymous_21)
FN:160,(anonymous_22)
FN:164,(anonymous_23)
FN:170,(anonymous_24)
FN:174,(anonymous_25)
FN:179,(anonymous_26)
FN:180,(anonymous_27)
FN:183,(anonymous_28)
FN:186,(anonymous_29)
FN:191,(anonymous_30)
FN:194,(anonymous_31)
FN:197,(anonymous_32)
FN:200,(anonymous_33)
FNF:34
FNH:0
FNDA:0,(anonymous_0)
FNDA:0,(anonymous_1)
FNDA:0,(anonymous_2)
FNDA:0,(anonymous_3)
FNDA:0,(anonymous_4)
FNDA:0,(anonymous_5)
FNDA:0,(anonymous_6)
FNDA:0,(anonymous_7)
FNDA:0,(anonymous_8)
FNDA:0,(anonymous_9)
FNDA:0,(anonymous_10)
FNDA:0,(anonymous_11)
FNDA:0,(anonymous_12)
FNDA:0,(anonymous_13)
FNDA:0,(anonymous_14)
FNDA:0,(anonymous_15)
FNDA:0,(anonymous_16)
FNDA:0,(anonymous_17)
FNDA:0,(anonymous_18)
FNDA:0,(anonymous_19)
FNDA:0,(anonymous_20)
FNDA:0,(anonymous_21)
FNDA:0,(anonymous_22)
FNDA:0,(anonymous_23)
FNDA:0,(anonymous_24)
FNDA:0,(anonymous_25)
FNDA:0,(anonymous_26)
FNDA:0,(anonymous_27)
FNDA:0,(anonymous_28)
FNDA:0,(anonymous_29)
FNDA:0,(anonymous_30)
FNDA:0,(anonymous_31)
FNDA:0,(anonymous_32)
FNDA:0,(anonymous_33)
DA:2,1
DA:6,1
DA:68,1
DA:70,0
DA:71,0
DA:74,0
DA:77,0
DA:85,0
DA:87,0
DA:94,0
DA:95,0
DA:98,0
DA:101,0
DA:109,0
DA:110,0
DA:114,0
DA:118,0
DA:129,0
DA:130,0
DA:136,0
DA:139,0
DA:147,0
DA:148,0
DA:152,0
DA:156,0
DA:164,0
DA:165,0
DA:171,0
DA:175,0
DA:180,0
DA:181,0
DA:184,0
DA:187,0
DA:194,0
DA:195,0
DA:198,0
DA:201,0
DA:206,1
LF:38
LH:4
BRF:0
BRH:0
end_of_record
TN:
SF:src\store\auth\getters.ts
FNF:0
FNH:0
DA:5,1
DA:7,1
LF:2
LH:2
BRF:0
BRH:0
end_of_record
TN:
SF:src\store\auth\index.ts
FNF:0
FNH:0
DA:3,1
DA:4,1
DA:5,1
DA:6,1
DA:9,1
DA:17,1
LF:6
LH:6
BRF:0
BRH:0
end_of_record
TN:
SF:src\store\auth\mutation-types.ts
FN:2,(anonymous_0)
FNF:1
FNH:1
FNDA:1,(anonymous_0)
DA:2,1
DA:3,1
DA:4,1
DA:5,1
DA:6,1
DA:7,1
DA:8,1
DA:9,1
DA:10,1
LF:9
LH:9
BRDA:2,0,0,1
BRDA:2,0,1,1
BRF:2
BRH:2
end_of_record
TN:
SF:src\store\auth\mutations.ts
FN:14,(anonymous_0)
FNF:1
FNH:0
FNDA:0,(anonymous_0)
DA:3,1
DA:13,1
DA:18,0
DA:19,0
DA:23,1
LF:5
LH:3
BRF:0
BRH:0
end_of_record
TN:
SF:src\store\auth\state.ts
FNF:0
FNH:0
DA:3,1
LF:1
LH:1
BRF:0
BRH:0
end_of_record
